::1 - - [15/Jul/2025 02:21:02] "GET /src/styles/tenants.css HTTP/1.1" 200 -
::1 - - [15/Jul/2025 02:21:34] "GET / HTTP/1.1" 304 -
::1 - - [15/Jul/2025 02:21:34] code 404, message File not found
::1 - - [15/Jul/2025 02:21:34] "GET /.well-known/appspecific/com.chrome.devtools.json HTTP/1.1" 404 -
::1 - - [15/Jul/2025 02:24:11] "GET / HTTP/1.1" 304 -
::1 - - [15/Jul/2025 02:24:11] code 404, message File not found
::1 - - [15/Jul/2025 02:24:11] "GET /.well-known/appspecific/com.chrome.devtools.json HTTP/1.1" 404 -
::1 - - [15/Jul/2025 02:24:11] "GET /src/styles/gmail-clone.css HTTP/1.1" 304 -
::1 - - [15/Jul/2025 02:24:11] "GET /src/components/ProfessionalMailWorking.jsx HTTP/1.1" 304 -
::1 - - [15/Jul/2025 02:24:11] "GET /src/components/GmailClone.jsx HTTP/1.1" 304 -
::1 - - [15/Jul/2025 02:26:11] "HEAD /src/styles/tenants.css HTTP/1.1" 200 -
::1 - - [15/Jul/2025 02:26:21] "GET /test-tenants.html HTTP/1.1" 200 -
::1 - - [15/Jul/2025 02:26:50] "GET /test-tenants.html HTTP/1.1" 200 -
::1 - - [15/Jul/2025 02:29:29] code 404, message File not found
::1 - - [15/Jul/2025 02:29:29] "GET /.well-known/appspecific/com.chrome.devtools.json HTTP/1.1" 404 -
::1 - - [15/Jul/2025 02:32:02] code 404, message File not found
::1 - - [15/Jul/2025 02:32:02] "GET /.well-known/appspecific/com.chrome.devtools.json HTTP/1.1" 404 -
::1 - - [15/Jul/2025 02:33:39] "GET / HTTP/1.1" 304 -
::1 - - [15/Jul/2025 02:33:39] code 404, message File not found
::1 - - [15/Jul/2025 02:33:39] "GET /.well-known/appspecific/com.chrome.devtools.json HTTP/1.1" 404 -
::1 - - [15/Jul/2025 02:33:39] "GET /src/styles/gmail-clone.css HTTP/1.1" 304 -
::1 - - [15/Jul/2025 02:33:40] "GET /src/components/ProfessionalMailWorking.jsx HTTP/1.1" 304 -
::1 - - [15/Jul/2025 02:33:40] "GET /src/components/GmailClone.jsx HTTP/1.1" 304 -
::1 - - [15/Jul/2025 02:38:36] code 404, message File not found
::1 - - [15/Jul/2025 02:38:36] "HEAD /api/v1/properties HTTP/1.1" 404 -
::1 - - [15/Jul/2025 02:44:03] code 404, message File not found
::1 - - [15/Jul/2025 02:44:03] "GET /tenants.html HTTP/1.1" 404 -
::1 - - [15/Jul/2025 02:44:21] "GET / HTTP/1.1" 304 -
::1 - - [15/Jul/2025 02:44:21] code 404, message File not found
::1 - - [15/Jul/2025 02:44:21] "GET /.well-known/appspecific/com.chrome.devtools.json HTTP/1.1" 404 -
::1 - - [15/Jul/2025 02:44:21] "GET /src/styles/gmail-clone.css HTTP/1.1" 304 -
::1 - - [15/Jul/2025 02:44:22] "GET /src/components/ProfessionalMailWorking.jsx HTTP/1.1" 304 -
::1 - - [15/Jul/2025 02:44:22] "GET /src/components/GmailClone.jsx HTTP/1.1" 304 -
::1 - - [15/Jul/2025 02:44:31] "GET / HTTP/1.1" 304 -
::1 - - [15/Jul/2025 02:44:31] code 404, message File not found
::1 - - [15/Jul/2025 02:44:31] "GET /.well-known/appspecific/com.chrome.devtools.json HTTP/1.1" 404 -
::1 - - [15/Jul/2025 02:46:18] "GET / HTTP/1.1" 304 -
::1 - - [15/Jul/2025 02:46:18] code 404, message File not found
::1 - - [15/Jul/2025 02:46:18] "GET /.well-known/appspecific/com.chrome.devtools.json HTTP/1.1" 404 -
::1 - - [15/Jul/2025 02:46:21] "GET / HTTP/1.1" 304 -
::1 - - [15/Jul/2025 02:46:21] code 404, message File not found
::1 - - [15/Jul/2025 02:46:21] "GET /.well-known/appspecific/com.chrome.devtools.json HTTP/1.1" 404 -
::1 - - [15/Jul/2025 02:48:42] "GET / HTTP/1.1" 200 -
::1 - - [15/Jul/2025 02:48:57] "GET / HTTP/1.1" 304 -
::1 - - [15/Jul/2025 02:48:57] code 404, message File not found
::1 - - [15/Jul/2025 02:48:57] "GET /.well-known/appspecific/com.chrome.devtools.json HTTP/1.1" 404 -
::1 - - [15/Jul/2025 02:51:43] "HEAD / HTTP/1.1" 200 -
::1 - - [15/Jul/2025 02:52:08] "GET / HTTP/1.1" 200 -
::1 - - [15/Jul/2025 02:52:19] "GET / HTTP/1.1" 304 -
::1 - - [15/Jul/2025 02:52:19] code 404, message File not found
::1 - - [15/Jul/2025 02:52:19] "GET /.well-known/appspecific/com.chrome.devtools.json HTTP/1.1" 404 -
::1 - - [15/Jul/2025 02:52:22] "GET / HTTP/1.1" 304 -
::1 - - [15/Jul/2025 02:52:22] "GET /src/styles/gmail-clone.css HTTP/1.1" 304 -
::1 - - [15/Jul/2025 02:52:22] code 404, message File not found
::1 - - [15/Jul/2025 02:52:22] "GET /.well-known/appspecific/com.chrome.devtools.json HTTP/1.1" 404 -
::1 - - [15/Jul/2025 02:52:22] "GET / HTTP/1.1" 304 -
::1 - - [15/Jul/2025 02:52:22] code 404, message File not found
::1 - - [15/Jul/2025 02:52:22] "GET /.well-known/appspecific/com.chrome.devtools.json HTTP/1.1" 404 -
::1 - - [15/Jul/2025 02:52:23] "GET / HTTP/1.1" 304 -
::1 - - [15/Jul/2025 02:52:23] code 404, message File not found
::1 - - [15/Jul/2025 02:52:23] "GET /.well-known/appspecific/com.chrome.devtools.json HTTP/1.1" 404 -
