::1 - - [13/Jul/2025 23:12:09] "GET / HTTP/1.1" 200 -
::1 - - [13/Jul/2025 23:14:02] "GET / HTTP/1.1" 200 -
::1 - - [13/Jul/2025 23:14:45] "GET / HTTP/1.1" 200 -
::1 - - [13/Jul/2025 23:14:45] "GET /src/styles/components.css HTTP/1.1" 304 -
::1 - - [13/Jul/2025 23:14:45] "GET /src/styles/properties-v2.css HTTP/1.1" 304 -
::1 - - [13/Jul/2025 23:14:45] "GET /src/styles/dashboard.css HTTP/1.1" 304 -
::1 - - [13/Jul/2025 23:14:45] "GET /src/styles/properties-pro.css HTTP/1.1" 304 -
::1 - - [13/Jul/2025 23:14:45] "GET /src/styles/properties-complete.css HTTP/1.1" 304 -
::1 - - [13/Jul/2025 23:14:45] "GET /src/styles/properties-fixed.css HTTP/1.1" 304 -
::1 - - [13/Jul/2025 23:14:45] "GET /src/styles/properties-banner-fix.css HTTP/1.1" 304 -
::1 - - [13/Jul/2025 23:14:45] "GET /src/styles/units.css HTTP/1.1" 304 -
::1 - - [13/Jul/2025 23:14:45] "GET /src/styles/units-world-class.css HTTP/1.1" 304 -
::1 - - [13/Jul/2025 23:14:45] "GET /src/styles/world-class-reporting.css HTTP/1.1" 304 -
::1 - - [13/Jul/2025 23:14:45] "GET /src/styles/tenants.css HTTP/1.1" 304 -
::1 - - [13/Jul/2025 23:14:45] "GET /src/styles/lead-management.css HTTP/1.1" 200 -
::1 - - [13/Jul/2025 23:14:45] "GET /src/styles/owner-portal.css HTTP/1.1" 200 -
::1 - - [13/Jul/2025 23:14:45] "GET /src/styles/payment-automation.css HTTP/1.1" 200 -
::1 - - [13/Jul/2025 23:14:45] "GET /src/styles/valor-payment-modal.css HTTP/1.1" 200 -
::1 - - [13/Jul/2025 23:14:45] "GET /src/styles/maintenance-request-modal.css HTTP/1.1" 200 -
::1 - - [13/Jul/2025 23:14:45] "GET /src/styles/property-management.css HTTP/1.1" 304 -
::1 - - [13/Jul/2025 23:14:45] "GET /src/styles/reports-center.css HTTP/1.1" 200 -
::1 - - [13/Jul/2025 23:14:45] "GET /src/styles/ai-leasing.css HTTP/1.1" 304 -
::1 - - [13/Jul/2025 23:14:45] "GET /src/styles/messaging-premium.css HTTP/1.1" 200 -
::1 - - [13/Jul/2025 23:14:45] "GET /src/styles/lease-document.css HTTP/1.1" 304 -
::1 - - [13/Jul/2025 23:14:45] "GET /src/styles/professional-mail.css HTTP/1.1" 304 -
::1 - - [13/Jul/2025 23:14:45] "GET /src/styles/ai-assistant-float.css HTTP/1.1" 304 -
::1 - - [13/Jul/2025 23:14:45] "GET /src/styles/ai-dashboard.css HTTP/1.1" 304 -
::1 - - [13/Jul/2025 23:14:45] "GET /src/styles/quantum-calendar.css HTTP/1.1" 304 -
::1 - - [13/Jul/2025 23:14:45] "GET /src/styles/financial-accounting.css HTTP/1.1" 200 -
::1 - - [13/Jul/2025 23:14:45] "GET /src/styles/simple-calendar.css HTTP/1.1" 304 -
::1 - - [13/Jul/2025 23:14:45] "GET /src/styles/maintenance-ecosystem.css HTTP/1.1" 304 -
::1 - - [13/Jul/2025 23:14:45] "GET /src/styles/maintenance-ecosystem-pro.css HTTP/1.1" 304 -
::1 - - [13/Jul/2025 23:14:45] "GET /src/styles/maintenance-command.css HTTP/1.1" 304 -
::1 - - [13/Jul/2025 23:14:45] "GET /src/styles/style-fixes.css HTTP/1.1" 304 -
::1 - - [13/Jul/2025 23:14:45] "GET /src/styles/vendor-management.css HTTP/1.1" 200 -
::1 - - [13/Jul/2025 23:14:45] "GET /src/styles/property-switcher.css HTTP/1.1" 304 -
::1 - - [13/Jul/2025 23:14:45] "GET /src/styles/maintenance-photo-analyzer.css HTTP/1.1" 304 -
::1 - - [13/Jul/2025 23:14:45] "GET /src/styles/maintenance-voice-assistant.css HTTP/1.1" 304 -
::1 - - [13/Jul/2025 23:14:45] "GET /src/styles/tenant-maintenance-chat.css HTTP/1.1" 304 -
::1 - - [13/Jul/2025 23:14:45] "GET /src/styles/silence-mode-indicator.css HTTP/1.1" 304 -
::1 - - [13/Jul/2025 23:14:45] "GET /src/utils/api.js HTTP/1.1" 304 -
::1 - - [13/Jul/2025 23:14:45] "GET /src/utils/stateManager.js HTTP/1.1" 304 -
::1 - - [13/Jul/2025 23:14:45] "GET /src/utils/auth.js HTTP/1.1" 304 -
::1 - - [13/Jul/2025 23:14:45] "GET /src/utils/cacheEnhanced.js HTTP/1.1" 304 -
::1 - - [13/Jul/2025 23:14:45] "GET /src/services/ValorPayTechService.js HTTP/1.1" 200 -
::1 - - [13/Jul/2025 23:14:45] "GET /src/services/ReportExportService.js HTTP/1.1" 200 -
::1 - - [13/Jul/2025 23:14:45] "GET /src/services/ReportDataService.js HTTP/1.1" 200 -
::1 - - [13/Jul/2025 23:14:45] "GET /src/patterns/ComponentFactory.js HTTP/1.1" 304 -
::1 - - [13/Jul/2025 23:14:45] "GET /src/components/PaymentAutomationEngine.jsx HTTP/1.1" 200 -
::1 - - [13/Jul/2025 23:14:45] "GET /src/stores/authStore.js HTTP/1.1" 304 -
::1 - - [13/Jul/2025 23:14:45] "GET /src/utils/performanceEnhanced.js HTTP/1.1" 304 -
::1 - - [13/Jul/2025 23:14:45] "GET /src/stores/dashboardStore.js HTTP/1.1" 304 -
::1 - - [13/Jul/2025 23:14:45] "GET /src/hooks/useStore.js HTTP/1.1" 304 -
::1 - - [13/Jul/2025 23:14:45] "GET /src/services/GeminiVisionService.js HTTP/1.1" 304 -
::1 - - [13/Jul/2025 23:14:45] "GET /src/services/ElevenLabsVoiceService.js HTTP/1.1" 304 -
::1 - - [13/Jul/2025 23:14:45] "GET /src/stores/maintenanceStore.js HTTP/1.1" 200 -
::1 - - [13/Jul/2025 23:14:45] "GET /src/hooks/useMaintenanceStore.js HTTP/1.1" 200 -
::1 - - [13/Jul/2025 23:14:45] "GET /src/components/MaintenanceRequestModal.jsx HTTP/1.1" 200 -
::1 - - [13/Jul/2025 23:14:45] "GET /src/components/LeadManagementSystem.jsx HTTP/1.1" 200 -
::1 - - [13/Jul/2025 23:14:45] "GET /src/components/OwnerPortal.jsx HTTP/1.1" 200 -
::1 - - [13/Jul/2025 23:14:45] "GET /src/components/ValorPaymentModal.jsx HTTP/1.1" 200 -
::1 - - [13/Jul/2025 23:14:45] "GET /src/pages/ReportsCenter.jsx HTTP/1.1" 200 -
::1 - - [13/Jul/2025 23:14:45] "GET /src/components/PropertyCardPattern.jsx HTTP/1.1" 304 -
::1 - - [13/Jul/2025 23:14:45] "GET /src/components/Icons.jsx HTTP/1.1" 304 -
::1 - - [13/Jul/2025 23:14:45] "GET /src/components/SidebarV2.jsx HTTP/1.1" 304 -
::1 - - [13/Jul/2025 23:14:45] "GET /src/components/widgets/MiniCharts.jsx HTTP/1.1" 304 -
::1 - - [13/Jul/2025 23:14:45] "GET /src/components/widgets/OccupancyWidget.jsx HTTP/1.1" 304 -
::1 - - [13/Jul/2025 23:14:45] "GET /src/components/widgets/MaintenanceWidget.jsx HTTP/1.1" 304 -
::1 - - [13/Jul/2025 23:14:45] "GET /src/components/widgets/RevenueWidget.jsx HTTP/1.1" 304 -
::1 - - [13/Jul/2025 23:14:45] "GET /src/components/widgets/LeasesWidget.jsx HTTP/1.1" 304 -
::1 - - [13/Jul/2025 23:14:45] "GET /src/components/widgets/CalendarWidget.jsx HTTP/1.1" 304 -
::1 - - [13/Jul/2025 23:14:45] "GET /src/components/widgets/FollowUpsWidget.jsx HTTP/1.1" 304 -
::1 - - [13/Jul/2025 23:14:45] "GET /src/components/widgets/QuickNotesWidget.jsx HTTP/1.1" 304 -
::1 - - [13/Jul/2025 23:14:45] "GET /src/components/DashboardWidget.jsx HTTP/1.1" 304 -
::1 - - [13/Jul/2025 23:14:45] "GET /src/components/DraggableWidget.jsx HTTP/1.1" 304 -
::1 - - [13/Jul/2025 23:14:45] "GET /src/components/TestDashboard.jsx HTTP/1.1" 304 -
::1 - - [13/Jul/2025 23:14:45] "GET /src/components/SimpleDashboard.jsx HTTP/1.1" 200 -
::1 - - [13/Jul/2025 23:14:45] "GET /src/components/WidgetSelector.jsx HTTP/1.1" 304 -
::1 - - [13/Jul/2025 23:14:45] "GET /src/components/Dashboard.jsx HTTP/1.1" 304 -
::1 - - [13/Jul/2025 23:14:45] "GET /src/pages/AdminPortalV2.jsx HTTP/1.1" 304 -
::1 - - [13/Jul/2025 23:14:45] "GET /src/pages/Properties.jsx HTTP/1.1" 304 -
::1 - - [13/Jul/2025 23:14:45] "GET /src/pages/PropertiesV2.jsx HTTP/1.1" 304 -
::1 - - [13/Jul/2025 23:14:45] "GET /src/pages/PropertiesPro.jsx HTTP/1.1" 304 -
::1 - - [13/Jul/2025 23:14:45] "GET /src/pages/PropertiesFixed.jsx HTTP/1.1" 304 -
::1 - - [13/Jul/2025 23:14:45] "GET /src/pages/Units.jsx HTTP/1.1" 304 -
::1 - - [13/Jul/2025 23:14:45] "GET /src/pages/UnitsWorldClass.jsx HTTP/1.1" 304 -
::1 - - [13/Jul/2025 23:14:45] "GET /src/pages/WorldClassReporting.jsx HTTP/1.1" 304 -
::1 - - [13/Jul/2025 23:14:45] "GET /src/pages/Leases.jsx HTTP/1.1" 304 -
::1 - - [13/Jul/2025 23:14:45] "GET /src/pages/Tenants.jsx HTTP/1.1" 200 -
::1 - - [13/Jul/2025 23:14:45] "GET /src/pages/FinancialAccountingEngine.jsx HTTP/1.1" 200 -
::1 - - [13/Jul/2025 23:14:45] "GET /src/pages/AdminPortalV3.jsx HTTP/1.1" 200 -
::1 - - [13/Jul/2025 23:14:45] "GET /src/components/LeaseDocument.jsx HTTP/1.1" 304 -
::1 - - [13/Jul/2025 23:14:45] "GET /src/components/LeaseCard.jsx HTTP/1.1" 304 -
::1 - - [13/Jul/2025 23:14:45] "GET /src/components/AIListingGenerator.jsx HTTP/1.1" 304 -
::1 - - [13/Jul/2025 23:14:45] "GET /src/components/ConversationalLeasingAssistant.jsx HTTP/1.1" 304 -
::1 - - [13/Jul/2025 23:14:45] "GET /src/components/SmartLeasingPipeline.jsx HTTP/1.1" 304 -
::1 - - [13/Jul/2025 23:14:45] "GET /src/components/AIShowingScheduler.jsx HTTP/1.1" 304 -
::1 - - [13/Jul/2025 23:14:45] "GET /src/components/SmartLeaseGenerator.jsx HTTP/1.1" 304 -
::1 - - [13/Jul/2025 23:14:45] "GET /src/components/UnifiedMessagingHub.jsx HTTP/1.1" 200 -
::1 - - [13/Jul/2025 23:14:45] "GET /src/components/ProfessionalMail.jsx HTTP/1.1" 304 -
::1 - - [13/Jul/2025 23:14:45] "GET /src/components/AIAssistantFloat.jsx HTTP/1.1" 304 -
::1 - - [13/Jul/2025 23:14:45] "GET /src/components/AIDashboard.jsx HTTP/1.1" 304 -
::1 - - [13/Jul/2025 23:14:45] "GET /src/components/QuantumCalendar.jsx HTTP/1.1" 304 -
::1 - - [13/Jul/2025 23:14:45] "GET /src/pages/Maintenance.jsx HTTP/1.1" 304 -
::1 - - [13/Jul/2025 23:14:45] "GET /src/components/SimpleCalendar.jsx HTTP/1.1" 304 -
::1 - - [13/Jul/2025 23:14:45] "GET /src/pages/MaintenanceEcosystem.jsx HTTP/1.1" 304 -
::1 - - [13/Jul/2025 23:14:45] "GET /src/pages/MaintenanceEcosystemPro.jsx HTTP/1.1" 304 -
::1 - - [13/Jul/2025 23:14:45] "GET /src/pages/MaintenanceCommand.jsx HTTP/1.1" 304 -
::1 - - [13/Jul/2025 23:14:45] "GET /src/pages/MaintenanceRedirect.jsx HTTP/1.1" 304 -
::1 - - [13/Jul/2025 23:14:45] "GET /src/pages/FinancialDashboard.jsx HTTP/1.1" 304 -
::1 - - [13/Jul/2025 23:14:45] "GET /src/pages/GeneralLedgerModule.jsx HTTP/1.1" 304 -
::1 - - [13/Jul/2025 23:14:45] "GET /src/pages/TrialBalanceModule.jsx HTTP/1.1" 304 -
::1 - - [13/Jul/2025 23:14:45] "GET /src/pages/VendorManagementSystem.jsx HTTP/1.1" 200 -
::1 - - [13/Jul/2025 23:14:45] "GET /src/components/PropertySwitcher.jsx HTTP/1.1" 304 -
::1 - - [13/Jul/2025 23:14:45] "GET /src/components/MaintenancePhotoAnalyzer.jsx HTTP/1.1" 304 -
::1 - - [13/Jul/2025 23:14:45] "GET /src/components/MaintenanceVoiceAssistant.jsx HTTP/1.1" 304 -
::1 - - [13/Jul/2025 23:14:45] "GET /src/components/TenantMaintenanceChat.jsx HTTP/1.1" 304 -
::1 - - [13/Jul/2025 23:14:45] "GET /src/components/SilenceModeIndicator.jsx HTTP/1.1" 304 -
::1 - - [13/Jul/2025 23:14:45] "GET /src/App.jsx HTTP/1.1" 304 -
::1 - - [13/Jul/2025 23:15:35] code 404, message File not found
::1 - - [13/Jul/2025 23:15:35] "GET /logo.png HTTP/1.1" 404 -
